{"/Users/arnav/Development/NodeJS/twitter-backend-node/src/app.controller.ts": {"path":"/Users/arnav/Development/NodeJS/twitter-backend-node/src/app.controller.ts","statementMap":{"0":{"start":{"line":1,"column":0},"end":{"line":1,"column":49}},"1":{"start":{"line":2,"column":0},"end":{"line":2,"column":43}},"2":{"start":{"line":5,"column":0},"end":{"line":12,"column":null}},"3":{"start":{"line":6,"column":31},"end":{"line":6,"column":43}},"4":{"start":{"line":10,"column":4},"end":{"line":10,"column":38}},"5":{"start":{"line":9,"column":2},"end":{"line":11,"column":null}},"6":{"start":{"line":5,"column":13},"end":{"line":12,"column":null}},"7":{"start":{"line":5,"column":13},"end":{"line":5,"column":26}}},"fnMap":{"0":{"name":"(anonymous_2)","decl":{"start":{"line":6,"column":2},"end":{"line":6,"column":31}},"loc":{"start":{"line":6,"column":53},"end":{"line":6,"column":57}}},"1":{"name":"(anonymous_3)","decl":{"start":{"line":9,"column":2},"end":{"line":9,"column":10}},"loc":{"start":{"line":9,"column":10},"end":{"line":11,"column":3}}}},"branchMap":{},"s":{"0":1,"1":1,"2":1,"3":1,"4":1,"5":1,"6":1,"7":1},"f":{"0":1,"1":1},"b":{}}
,"/Users/arnav/Development/NodeJS/twitter-backend-node/src/app.service.ts": {"path":"/Users/arnav/Development/NodeJS/twitter-backend-node/src/app.service.ts","statementMap":{"0":{"start":{"line":1,"column":0},"end":{"line":1,"column":44}},"1":{"start":{"line":4,"column":0},"end":{"line":8,"column":null}},"2":{"start":{"line":6,"column":4},"end":{"line":6,"column":26}},"3":{"start":{"line":4,"column":13},"end":{"line":8,"column":null}},"4":{"start":{"line":4,"column":13},"end":{"line":4,"column":23}}},"fnMap":{"0":{"name":"(anonymous_1)","decl":{"start":{"line":5,"column":2},"end":{"line":5,"column":10}},"loc":{"start":{"line":5,"column":10},"end":{"line":7,"column":3}}}},"branchMap":{},"s":{"0":1,"1":1,"2":1,"3":1,"4":1},"f":{"0":1},"b":{}}
,"/Users/arnav/Development/NodeJS/twitter-backend-node/src/auth/auth.controller.ts": {"path":"/Users/arnav/Development/NodeJS/twitter-backend-node/src/auth/auth.controller.ts","statementMap":{"0":{"start":{"line":1,"column":0},"end":{"line":1,"column":44}},"1":{"start":{"line":4,"column":0},"end":{"line":4,"column":null}},"2":{"start":{"line":4,"column":13},"end":{"line":4,"column":null}},"3":{"start":{"line":4,"column":13},"end":{"line":4,"column":27}}},"fnMap":{},"branchMap":{},"s":{"0":2,"1":2,"2":2,"3":2},"f":{},"b":{}}
,"/Users/arnav/Development/NodeJS/twitter-backend-node/src/auth/auth.module.ts": {"path":"/Users/arnav/Development/NodeJS/twitter-backend-node/src/auth/auth.module.ts","statementMap":{"0":{"start":{"line":1,"column":0},"end":{"line":1,"column":48}},"1":{"start":{"line":2,"column":0},"end":{"line":2,"column":48}},"2":{"start":{"line":3,"column":0},"end":{"line":3,"column":51}},"3":{"start":{"line":4,"column":0},"end":{"line":4,"column":45}},"4":{"start":{"line":5,"column":0},"end":{"line":5,"column":52}},"5":{"start":{"line":14,"column":0},"end":{"line":14,"column":null}},"6":{"start":{"line":14,"column":13},"end":{"line":14,"column":null}},"7":{"start":{"line":14,"column":13},"end":{"line":14,"column":23}}},"fnMap":{},"branchMap":{},"s":{"0":1,"1":1,"2":1,"3":1,"4":1,"5":1,"6":1,"7":1},"f":{},"b":{}}
,"/Users/arnav/Development/NodeJS/twitter-backend-node/src/auth/auth.service.ts": {"path":"/Users/arnav/Development/NodeJS/twitter-backend-node/src/auth/auth.service.ts","statementMap":{"0":{"start":{"line":1,"column":0},"end":{"line":1,"column":67}},"1":{"start":{"line":2,"column":0},"end":{"line":2,"column":51}},"2":{"start":{"line":3,"column":0},"end":{"line":3,"column":39}},"3":{"start":{"line":4,"column":0},"end":{"line":4,"column":37}},"4":{"start":{"line":5,"column":0},"end":{"line":5,"column":52}},"5":{"start":{"line":8,"column":24},"end":{"line":43,"column":null}},"6":{"start":{"line":11,"column":12},"end":{"line":11,"column":26}},"7":{"start":{"line":20,"column":21},"end":{"line":20,"column":75}},"8":{"start":{"line":21,"column":4},"end":{"line":25,"column":null}},"9":{"start":{"line":22,"column":6},"end":{"line":24,"column":8}},"10":{"start":{"line":27,"column":24},"end":{"line":27,"column":44}},"11":{"start":{"line":28,"column":4},"end":{"line":28,"column":32}},"12":{"start":{"line":29,"column":4},"end":{"line":29,"column":59}},"13":{"start":{"line":30,"column":4},"end":{"line":30,"column":53}},"14":{"start":{"line":34,"column":4},"end":{"line":34,"column":60}},"15":{"start":{"line":41,"column":4},"end":{"line":41,"column":52}},"16":{"start":{"line":14,"column":16},"end":{"line":14,"column":42}},"17":{"start":{"line":8,"column":13},"end":{"line":43,"column":null}},"18":{"start":{"line":8,"column":13},"end":{"line":8,"column":24}}},"fnMap":{"0":{"name":"(anonymous_4)","decl":{"start":{"line":9,"column":2},"end":{"line":9,"column":null}},"loc":{"start":{"line":11,"column":52},"end":{"line":12,"column":6}}},"1":{"name":"(anonymous_5)","decl":{"start":{"line":16,"column":2},"end":{"line":16,"column":7}},"loc":{"start":{"line":18,"column":20},"end":{"line":31,"column":3}}},"2":{"name":"(anonymous_6)","decl":{"start":{"line":33,"column":10},"end":{"line":33,"column":15}},"loc":{"start":{"line":33,"column":43},"end":{"line":35,"column":3}}},"3":{"name":"(anonymous_7)","decl":{"start":{"line":37,"column":10},"end":{"line":37,"column":15}},"loc":{"start":{"line":39,"column":16},"end":{"line":42,"column":3}}}},"branchMap":{"0":{"loc":{"start":{"line":21,"column":4},"end":{"line":25,"column":null}},"type":"if","locations":[{"start":{"line":21,"column":4},"end":{"line":25,"column":null}},{"start":{"line":21,"column":4},"end":{"line":25,"column":null}}]}},"s":{"0":3,"1":3,"2":3,"3":3,"4":3,"5":3,"6":1,"7":0,"8":0,"9":0,"10":0,"11":0,"12":0,"13":0,"14":0,"15":0,"16":3,"17":3,"18":3},"f":{"0":1,"1":0,"2":0,"3":0},"b":{"0":[0,0]}}
,"/Users/arnav/Development/NodeJS/twitter-backend-node/src/auth/passwords.entity.ts": {"path":"/Users/arnav/Development/NodeJS/twitter-backend-node/src/auth/passwords.entity.ts","statementMap":{"0":{"start":{"line":1,"column":0},"end":{"line":1,"column":56}},"1":{"start":{"line":2,"column":0},"end":{"line":2,"column":52}},"2":{"start":{"line":3,"column":0},"end":{"line":3,"column":63}},"3":{"start":{"line":6,"column":0},"end":{"line":16,"column":null}},"4":{"start":{"line":8,"column":2},"end":{"line":8,"column":null}},"5":{"start":{"line":12,"column":2},"end":{"line":12,"column":null}},"6":{"start":{"line":11,"column":18},"end":{"line":11,"column":28}},"7":{"start":{"line":15,"column":2},"end":{"line":15,"column":null}},"8":{"start":{"line":6,"column":13},"end":{"line":16,"column":null}},"9":{"start":{"line":6,"column":13},"end":{"line":6,"column":27}}},"fnMap":{"0":{"name":"(anonymous_2)","decl":{"start":{"line":11,"column":12},"end":{"line":11,"column":15}},"loc":{"start":{"line":11,"column":18},"end":{"line":11,"column":28}}}},"branchMap":{},"s":{"0":3,"1":3,"2":3,"3":3,"4":3,"5":3,"6":0,"7":3,"8":3,"9":3},"f":{"0":0},"b":{}}
,"/Users/arnav/Development/NodeJS/twitter-backend-node/src/commons/base.entity.ts": {"path":"/Users/arnav/Development/NodeJS/twitter-backend-node/src/commons/base.entity.ts","statementMap":{"0":{"start":{"line":1,"column":0},"end":{"line":1,"column":null}},"1":{"start":{"line":9,"column":2},"end":{"line":9,"column":null}},"2":{"start":{"line":12,"column":2},"end":{"line":12,"column":null}},"3":{"start":{"line":15,"column":2},"end":{"line":15,"column":null}},"4":{"start":{"line":7,"column":0},"end":{"line":7,"column":22}}},"fnMap":{},"branchMap":{},"s":{"0":3,"1":3,"2":3,"3":3,"4":3},"f":{},"b":{}}
,"/Users/arnav/Development/NodeJS/twitter-backend-node/src/hashtags/hashtags.controller.ts": {"path":"/Users/arnav/Development/NodeJS/twitter-backend-node/src/hashtags/hashtags.controller.ts","statementMap":{"0":{"start":{"line":1,"column":0},"end":{"line":1,"column":39}},"1":{"start":{"line":2,"column":0},"end":{"line":2,"column":49}},"2":{"start":{"line":3,"column":0},"end":{"line":3,"column":42}},"3":{"start":{"line":7,"column":0},"end":{"line":19,"column":null}},"4":{"start":{"line":11,"column":4},"end":{"line":11,"column":30}},"5":{"start":{"line":17,"column":4},"end":{"line":17,"column":48}},"6":{"start":{"line":9,"column":2},"end":{"line":12,"column":null}},"7":{"start":{"line":15,"column":2},"end":{"line":18,"column":null}},"8":{"start":{"line":7,"column":13},"end":{"line":19,"column":null}},"9":{"start":{"line":7,"column":13},"end":{"line":7,"column":31}}},"fnMap":{"0":{"name":"(anonymous_4)","decl":{"start":{"line":9,"column":2},"end":{"line":9,"column":13}},"loc":{"start":{"line":9,"column":13},"end":{"line":12,"column":3}}},"1":{"name":"(anonymous_5)","decl":{"start":{"line":15,"column":2},"end":{"line":15,"column":20}},"loc":{"start":{"line":15,"column":38},"end":{"line":18,"column":3}}}},"branchMap":{},"s":{"0":1,"1":1,"2":1,"3":1,"4":0,"5":0,"6":1,"7":1,"8":1,"9":1},"f":{"0":0,"1":0},"b":{}}
,"/Users/arnav/Development/NodeJS/twitter-backend-node/src/posts/posts.controller.ts": {"path":"/Users/arnav/Development/NodeJS/twitter-backend-node/src/posts/posts.controller.ts","statementMap":{"0":{"start":{"line":1,"column":0},"end":{"line":1,"column":58}},"1":{"start":{"line":2,"column":0},"end":{"line":2,"column":49}},"2":{"start":{"line":3,"column":0},"end":{"line":3,"column":42}},"3":{"start":{"line":7,"column":0},"end":{"line":41,"column":null}},"4":{"start":{"line":11,"column":4},"end":{"line":11,"column":27}},"5":{"start":{"line":17,"column":4},"end":{"line":17,"column":43}},"6":{"start":{"line":23,"column":4},"end":{"line":23,"column":34}},"7":{"start":{"line":29,"column":4},"end":{"line":29,"column":39}},"8":{"start":{"line":34,"column":4},"end":{"line":34,"column":34}},"9":{"start":{"line":39,"column":4},"end":{"line":39,"column":36}},"10":{"start":{"line":9,"column":2},"end":{"line":12,"column":null}},"11":{"start":{"line":15,"column":2},"end":{"line":18,"column":null}},"12":{"start":{"line":21,"column":2},"end":{"line":24,"column":null}},"13":{"start":{"line":27,"column":2},"end":{"line":30,"column":null}},"14":{"start":{"line":33,"column":2},"end":{"line":35,"column":null}},"15":{"start":{"line":38,"column":2},"end":{"line":40,"column":null}},"16":{"start":{"line":7,"column":13},"end":{"line":41,"column":null}},"17":{"start":{"line":7,"column":13},"end":{"line":7,"column":28}}},"fnMap":{"0":{"name":"(anonymous_4)","decl":{"start":{"line":9,"column":2},"end":{"line":9,"column":13}},"loc":{"start":{"line":9,"column":13},"end":{"line":12,"column":3}}},"1":{"name":"(anonymous_5)","decl":{"start":{"line":15,"column":2},"end":{"line":15,"column":16}},"loc":{"start":{"line":15,"column":48},"end":{"line":18,"column":3}}},"2":{"name":"(anonymous_6)","decl":{"start":{"line":21,"column":2},"end":{"line":21,"column":15}},"loc":{"start":{"line":21,"column":15},"end":{"line":24,"column":3}}},"3":{"name":"(anonymous_7)","decl":{"start":{"line":27,"column":2},"end":{"line":27,"column":12}},"loc":{"start":{"line":27,"column":44},"end":{"line":30,"column":3}}},"4":{"name":"(anonymous_8)","decl":{"start":{"line":33,"column":2},"end":{"line":33,"column":10}},"loc":{"start":{"line":33,"column":42},"end":{"line":35,"column":3}}},"5":{"name":"(anonymous_9)","decl":{"start":{"line":38,"column":2},"end":{"line":38,"column":12}},"loc":{"start":{"line":38,"column":44},"end":{"line":40,"column":3}}}},"branchMap":{},"s":{"0":1,"1":1,"2":1,"3":1,"4":0,"5":0,"6":0,"7":0,"8":0,"9":0,"10":1,"11":1,"12":1,"13":1,"14":1,"15":1,"16":1,"17":1},"f":{"0":0,"1":0,"2":0,"3":0,"4":0,"5":0},"b":{}}
,"/Users/arnav/Development/NodeJS/twitter-backend-node/src/users/users.controller.ts": {"path":"/Users/arnav/Development/NodeJS/twitter-backend-node/src/users/users.controller.ts","statementMap":{"0":{"start":{"line":1,"column":0},"end":{"line":1,"column":65}},"1":{"start":{"line":2,"column":0},"end":{"line":2,"column":74}},"2":{"start":{"line":3,"column":0},"end":{"line":3,"column":76}},"3":{"start":{"line":5,"column":0},"end":{"line":5,"column":47}},"4":{"start":{"line":8,"column":17},"end":{"line":8,"column":null}},"5":{"start":{"line":9,"column":17},"end":{"line":9,"column":null}},"6":{"start":{"line":10,"column":25},"end":{"line":10,"column":null}},"7":{"start":{"line":11,"column":25},"end":{"line":11,"column":null}},"8":{"start":{"line":12,"column":25},"end":{"line":12,"column":null}},"9":{"start":{"line":7,"column":0},"end":{"line":7,"column":13}},"10":{"start":{"line":16,"column":25},"end":{"line":16,"column":null}},"11":{"start":{"line":17,"column":25},"end":{"line":17,"column":null}},"12":{"start":{"line":18,"column":25},"end":{"line":18,"column":null}},"13":{"start":{"line":19,"column":25},"end":{"line":19,"column":null}},"14":{"start":{"line":15,"column":0},"end":{"line":15,"column":13}},"15":{"start":{"line":24,"column":0},"end":{"line":87,"column":null}},"16":{"start":{"line":25,"column":22},"end":{"line":25,"column":35}},"17":{"start":{"line":29,"column":17},"end":{"line":29,"column":67}},"18":{"start":{"line":30,"column":4},"end":{"line":32,"column":null}},"19":{"start":{"line":31,"column":6},"end":{"line":31,"column":52}},"20":{"start":{"line":33,"column":4},"end":{"line":33,"column":16}},"21":{"start":{"line":38,"column":17},"end":{"line":38,"column":63}},"22":{"start":{"line":40,"column":4},"end":{"line":42,"column":null}},"23":{"start":{"line":41,"column":6},"end":{"line":41,"column":52}},"24":{"start":{"line":44,"column":4},"end":{"line":44,"column":16}},"25":{"start":{"line":51,"column":17},"end":{"line":53,"column":null}},"26":{"start":{"line":55,"column":4},"end":{"line":55,"column":16}},"27":{"start":{"line":64,"column":17},"end":{"line":64,"column":77}},"28":{"start":{"line":65,"column":4},"end":{"line":65,"column":16}},"29":{"start":{"line":70,"column":4},"end":{"line":70,"column":31}},"30":{"start":{"line":75,"column":4},"end":{"line":75,"column":33}},"31":{"start":{"line":80,"column":4},"end":{"line":80,"column":35}},"32":{"start":{"line":85,"column":4},"end":{"line":85,"column":41}},"33":{"start":{"line":28,"column":2},"end":{"line":34,"column":null}},"34":{"start":{"line":37,"column":2},"end":{"line":45,"column":null}},"35":{"start":{"line":48,"column":2},"end":{"line":56,"column":null}},"36":{"start":{"line":60,"column":2},"end":{"line":66,"column":null}},"37":{"start":{"line":69,"column":2},"end":{"line":71,"column":null}},"38":{"start":{"line":74,"column":2},"end":{"line":76,"column":null}},"39":{"start":{"line":79,"column":2},"end":{"line":81,"column":null}},"40":{"start":{"line":84,"column":2},"end":{"line":86,"column":null}},"41":{"start":{"line":24,"column":13},"end":{"line":87,"column":null}},"42":{"start":{"line":24,"column":13},"end":{"line":24,"column":28}}},"fnMap":{"0":{"name":"(anonymous_4)","decl":{"start":{"line":25,"column":2},"end":{"line":25,"column":22}},"loc":{"start":{"line":25,"column":47},"end":{"line":25,"column":51}}},"1":{"name":"(anonymous_5)","decl":{"start":{"line":28,"column":2},"end":{"line":28,"column":7}},"loc":{"start":{"line":28,"column":61},"end":{"line":34,"column":3}}},"2":{"name":"(anonymous_6)","decl":{"start":{"line":37,"column":2},"end":{"line":37,"column":7}},"loc":{"start":{"line":37,"column":55},"end":{"line":45,"column":3}}},"3":{"name":"(anonymous_7)","decl":{"start":{"line":48,"column":2},"end":{"line":48,"column":7}},"loc":{"start":{"line":49,"column":52},"end":{"line":56,"column":3}}},"4":{"name":"(anonymous_8)","decl":{"start":{"line":60,"column":2},"end":{"line":60,"column":7}},"loc":{"start":{"line":62,"column":52},"end":{"line":66,"column":3}}},"5":{"name":"(anonymous_9)","decl":{"start":{"line":69,"column":2},"end":{"line":69,"column":12}},"loc":{"start":{"line":69,"column":12},"end":{"line":71,"column":3}}},"6":{"name":"(anonymous_10)","decl":{"start":{"line":74,"column":2},"end":{"line":74,"column":14}},"loc":{"start":{"line":74,"column":14},"end":{"line":76,"column":3}}},"7":{"name":"(anonymous_11)","decl":{"start":{"line":79,"column":2},"end":{"line":79,"column":20}},"loc":{"start":{"line":79,"column":20},"end":{"line":81,"column":3}}},"8":{"name":"(anonymous_12)","decl":{"start":{"line":84,"column":2},"end":{"line":84,"column":20}},"loc":{"start":{"line":84,"column":20},"end":{"line":86,"column":3}}}},"branchMap":{"0":{"loc":{"start":{"line":30,"column":4},"end":{"line":32,"column":null}},"type":"if","locations":[{"start":{"line":30,"column":4},"end":{"line":32,"column":null}},{"start":{"line":30,"column":4},"end":{"line":32,"column":null}}]},"1":{"loc":{"start":{"line":40,"column":4},"end":{"line":42,"column":null}},"type":"if","locations":[{"start":{"line":40,"column":4},"end":{"line":42,"column":null}},{"start":{"line":40,"column":4},"end":{"line":42,"column":null}}]}},"s":{"0":1,"1":1,"2":1,"3":1,"4":1,"5":1,"6":1,"7":1,"8":1,"9":1,"10":1,"11":1,"12":1,"13":1,"14":1,"15":1,"16":0,"17":0,"18":0,"19":0,"20":0,"21":0,"22":0,"23":0,"24":0,"25":0,"26":0,"27":0,"28":0,"29":0,"30":0,"31":0,"32":0,"33":1,"34":1,"35":1,"36":1,"37":1,"38":1,"39":1,"40":1,"41":1,"42":1},"f":{"0":0,"1":0,"2":0,"3":0,"4":0,"5":0,"6":0,"7":0,"8":0},"b":{"0":[0,0],"1":[0,0]}}
,"/Users/arnav/Development/NodeJS/twitter-backend-node/src/users/users.entity.ts": {"path":"/Users/arnav/Development/NodeJS/twitter-backend-node/src/users/users.entity.ts","statementMap":{"0":{"start":{"line":1,"column":0},"end":{"line":1,"column":59}},"1":{"start":{"line":2,"column":0},"end":{"line":2,"column":56}},"2":{"start":{"line":3,"column":0},"end":{"line":3,"column":51}},"3":{"start":{"line":6,"column":0},"end":{"line":33,"column":null}},"4":{"start":{"line":8,"column":2},"end":{"line":8,"column":null}},"5":{"start":{"line":11,"column":2},"end":{"line":11,"column":null}},"6":{"start":{"line":14,"column":2},"end":{"line":14,"column":null}},"7":{"start":{"line":17,"column":2},"end":{"line":17,"column":null}},"8":{"start":{"line":20,"column":2},"end":{"line":20,"column":null}},"9":{"start":{"line":23,"column":2},"end":{"line":23,"column":null}},"10":{"start":{"line":26,"column":2},"end":{"line":26,"column":null}},"11":{"start":{"line":32,"column":2},"end":{"line":32,"column":null}},"12":{"start":{"line":28,"column":22},"end":{"line":28,"column":36}},"13":{"start":{"line":28,"column":52},"end":{"line":28,"column":65}},"14":{"start":{"line":6,"column":13},"end":{"line":33,"column":null}},"15":{"start":{"line":6,"column":13},"end":{"line":6,"column":23}}},"fnMap":{"0":{"name":"(anonymous_2)","decl":{"start":{"line":28,"column":12},"end":{"line":28,"column":13}},"loc":{"start":{"line":28,"column":22},"end":{"line":28,"column":36}}},"1":{"name":"(anonymous_3)","decl":{"start":{"line":28,"column":38},"end":{"line":28,"column":39}},"loc":{"start":{"line":28,"column":52},"end":{"line":28,"column":65}}}},"branchMap":{},"s":{"0":3,"1":3,"2":3,"3":3,"4":3,"5":3,"6":3,"7":3,"8":3,"9":3,"10":3,"11":3,"12":0,"13":0,"14":3,"15":3},"f":{"0":0,"1":0},"b":{}}
,"/Users/arnav/Development/NodeJS/twitter-backend-node/src/users/users.repository.ts": {"path":"/Users/arnav/Development/NodeJS/twitter-backend-node/src/users/users.repository.ts","statementMap":{"0":{"start":{"line":1,"column":0},"end":{"line":1,"column":55}},"1":{"start":{"line":2,"column":0},"end":{"line":2,"column":44}},"2":{"start":{"line":5,"column":0},"end":{"line":5,"column":null}},"3":{"start":{"line":5,"column":13},"end":{"line":5,"column":null}},"4":{"start":{"line":5,"column":13},"end":{"line":5,"column":28}}},"fnMap":{},"branchMap":{},"s":{"0":2,"1":2,"2":2,"3":2,"4":2},"f":{},"b":{}}
,"/Users/arnav/Development/NodeJS/twitter-backend-node/src/users/users.service.ts": {"path":"/Users/arnav/Development/NodeJS/twitter-backend-node/src/users/users.service.ts","statementMap":{"0":{"start":{"line":1,"column":0},"end":{"line":1,"column":44}},"1":{"start":{"line":3,"column":0},"end":{"line":3,"column":52}},"2":{"start":{"line":7,"column":0},"end":{"line":7,"column":53}},"3":{"start":{"line":10,"column":0},"end":{"line":66,"column":null}},"4":{"start":{"line":12,"column":12},"end":{"line":12,"column":22}},"5":{"start":{"line":13,"column":12},"end":{"line":13,"column":25}},"6":{"start":{"line":20,"column":4},"end":{"line":20,"column":64}},"7":{"start":{"line":28,"column":4},"end":{"line":28,"column":66}},"8":{"start":{"line":39,"column":20},"end":{"line":39,"column":50}},"9":{"start":{"line":41,"column":4},"end":{"line":41,"column":74}},"10":{"start":{"line":43,"column":4},"end":{"line":43,"column":19}},"11":{"start":{"line":54,"column":25},"end":{"line":56,"column":6}},"12":{"start":{"line":57,"column":4},"end":{"line":59,"column":null}},"13":{"start":{"line":58,"column":6},"end":{"line":58,"column":18}},"14":{"start":{"line":60,"column":4},"end":{"line":60,"column":66}},"15":{"start":{"line":60,"column":28},"end":{"line":60,"column":66}},"16":{"start":{"line":61,"column":4},"end":{"line":61,"column":75}},"17":{"start":{"line":61,"column":31},"end":{"line":61,"column":75}},"18":{"start":{"line":62,"column":4},"end":{"line":62,"column":69}},"19":{"start":{"line":62,"column":29},"end":{"line":62,"column":69}},"20":{"start":{"line":64,"column":4},"end":{"line":64,"column":50}},"21":{"start":{"line":10,"column":13},"end":{"line":66,"column":null}},"22":{"start":{"line":10,"column":13},"end":{"line":10,"column":25}}},"fnMap":{"0":{"name":"(anonymous_2)","decl":{"start":{"line":11,"column":2},"end":{"line":11,"column":null}},"loc":{"start":{"line":13,"column":36},"end":{"line":14,"column":6}}},"1":{"name":"(anonymous_3)","decl":{"start":{"line":19,"column":9},"end":{"line":19,"column":14}},"loc":{"start":{"line":19,"column":49},"end":{"line":21,"column":3}}},"2":{"name":"(anonymous_4)","decl":{"start":{"line":27,"column":9},"end":{"line":27,"column":14}},"loc":{"start":{"line":27,"column":45},"end":{"line":29,"column":3}}},"3":{"name":"(anonymous_5)","decl":{"start":{"line":35,"column":9},"end":{"line":35,"column":14}},"loc":{"start":{"line":37,"column":20},"end":{"line":44,"column":3}}},"4":{"name":"(anonymous_6)","decl":{"start":{"line":50,"column":9},"end":{"line":50,"column":14}},"loc":{"start":{"line":52,"column":39},"end":{"line":65,"column":3}}}},"branchMap":{"0":{"loc":{"start":{"line":57,"column":4},"end":{"line":59,"column":null}},"type":"if","locations":[{"start":{"line":57,"column":4},"end":{"line":59,"column":null}},{"start":{"line":57,"column":4},"end":{"line":59,"column":null}}]},"1":{"loc":{"start":{"line":60,"column":4},"end":{"line":60,"column":66}},"type":"if","locations":[{"start":{"line":60,"column":4},"end":{"line":60,"column":66}},{"start":{"line":60,"column":4},"end":{"line":60,"column":66}}]},"2":{"loc":{"start":{"line":61,"column":4},"end":{"line":61,"column":75}},"type":"if","locations":[{"start":{"line":61,"column":4},"end":{"line":61,"column":75}},{"start":{"line":61,"column":4},"end":{"line":61,"column":75}}]},"3":{"loc":{"start":{"line":62,"column":4},"end":{"line":62,"column":69}},"type":"if","locations":[{"start":{"line":62,"column":4},"end":{"line":62,"column":69}},{"start":{"line":62,"column":4},"end":{"line":62,"column":69}}]}},"s":{"0":2,"1":2,"2":2,"3":2,"4":0,"5":0,"6":0,"7":0,"8":0,"9":0,"10":0,"11":0,"12":0,"13":0,"14":0,"15":0,"16":0,"17":0,"18":0,"19":0,"20":0,"21":2,"22":2},"f":{"0":0,"1":0,"2":0,"3":0,"4":0},"b":{"0":[0,0],"1":[0,0],"2":[0,0],"3":[0,0]}}
}
