TN:
SF:src/app.controller.ts
FN:6,(anonymous_2)
FN:9,(anonymous_3)
FNF:2
FNH:2
FNDA:1,(anonymous_2)
FNDA:1,(anonymous_3)
DA:1,1
DA:2,1
DA:5,1
DA:6,1
DA:9,1
DA:10,1
LF:6
LH:6
BRF:0
BRH:0
end_of_record
TN:
SF:src/app.service.ts
FN:5,(anonymous_1)
FNF:1
FNH:1
FNDA:1,(anonymous_1)
DA:1,1
DA:4,1
DA:6,1
LF:3
LH:3
BRF:0
BRH:0
end_of_record
TN:
SF:src/auth/auth.controller.ts
FNF:0
FNH:0
DA:1,2
DA:4,2
LF:2
LH:2
BRF:0
BRH:0
end_of_record
TN:
SF:src/auth/auth.module.ts
FNF:0
FNH:0
DA:1,1
DA:2,1
DA:3,1
DA:4,1
DA:5,1
DA:14,1
LF:6
LH:6
BRF:0
BRH:0
end_of_record
TN:
SF:src/auth/auth.service.ts
FN:9,(anonymous_4)
FN:16,(anonymous_5)
FN:33,(anonymous_6)
FN:37,(anonymous_7)
FNF:4
FNH:1
FNDA:1,(anonymous_4)
FNDA:0,(anonymous_5)
FNDA:0,(anonymous_6)
FNDA:0,(anonymous_7)
DA:1,3
DA:2,3
DA:3,3
DA:4,3
DA:5,3
DA:8,3
DA:11,1
DA:14,3
DA:20,0
DA:21,0
DA:22,0
DA:27,0
DA:28,0
DA:29,0
DA:30,0
DA:34,0
DA:41,0
LF:17
LH:8
BRDA:21,0,0,0
BRDA:21,0,1,0
BRF:2
BRH:0
end_of_record
TN:
SF:src/auth/passwords.entity.ts
FN:11,(anonymous_2)
FNF:1
FNH:0
FNDA:0,(anonymous_2)
DA:1,3
DA:2,3
DA:3,3
DA:6,3
DA:8,3
DA:11,0
DA:12,3
DA:15,3
LF:8
LH:7
BRF:0
BRH:0
end_of_record
TN:
SF:src/commons/base.entity.ts
FNF:0
FNH:0
DA:1,3
DA:7,3
DA:9,3
DA:12,3
DA:15,3
LF:5
LH:5
BRF:0
BRH:0
end_of_record
TN:
SF:src/hashtags/hashtags.controller.ts
FN:9,(anonymous_4)
FN:15,(anonymous_5)
FNF:2
FNH:0
FNDA:0,(anonymous_4)
FNDA:0,(anonymous_5)
DA:1,1
DA:2,1
DA:3,1
DA:7,1
DA:9,1
DA:11,0
DA:15,1
DA:17,0
LF:8
LH:6
BRF:0
BRH:0
end_of_record
TN:
SF:src/posts/posts.controller.ts
FN:9,(anonymous_4)
FN:15,(anonymous_5)
FN:21,(anonymous_6)
FN:27,(anonymous_7)
FN:33,(anonymous_8)
FN:38,(anonymous_9)
FNF:6
FNH:0
FNDA:0,(anonymous_4)
FNDA:0,(anonymous_5)
FNDA:0,(anonymous_6)
FNDA:0,(anonymous_7)
FNDA:0,(anonymous_8)
FNDA:0,(anonymous_9)
DA:1,1
DA:2,1
DA:3,1
DA:7,1
DA:9,1
DA:11,0
DA:15,1
DA:17,0
DA:21,1
DA:23,0
DA:27,1
DA:29,0
DA:33,1
DA:34,0
DA:38,1
DA:39,0
LF:16
LH:10
BRF:0
BRH:0
end_of_record
TN:
SF:src/users/users.controller.ts
FN:25,(anonymous_4)
FN:28,(anonymous_5)
FN:37,(anonymous_6)
FN:48,(anonymous_7)
FN:60,(anonymous_8)
FN:69,(anonymous_9)
FN:74,(anonymous_10)
FN:79,(anonymous_11)
FN:84,(anonymous_12)
FNF:9
FNH:0
FNDA:0,(anonymous_4)
FNDA:0,(anonymous_5)
FNDA:0,(anonymous_6)
FNDA:0,(anonymous_7)
FNDA:0,(anonymous_8)
FNDA:0,(anonymous_9)
FNDA:0,(anonymous_10)
FNDA:0,(anonymous_11)
FNDA:0,(anonymous_12)
DA:1,1
DA:2,1
DA:3,1
DA:5,1
DA:7,1
DA:8,1
DA:9,1
DA:10,1
DA:11,1
DA:12,1
DA:15,1
DA:16,1
DA:17,1
DA:18,1
DA:19,1
DA:24,1
DA:25,0
DA:28,1
DA:29,0
DA:30,0
DA:31,0
DA:33,0
DA:37,1
DA:38,0
DA:40,0
DA:41,0
DA:44,0
DA:48,1
DA:51,0
DA:55,0
DA:60,1
DA:64,0
DA:65,0
DA:69,1
DA:70,0
DA:74,1
DA:75,0
DA:79,1
DA:80,0
DA:84,1
DA:85,0
LF:41
LH:24
BRDA:30,0,0,0
BRDA:30,0,1,0
BRDA:40,1,0,0
BRDA:40,1,1,0
BRF:4
BRH:0
end_of_record
TN:
SF:src/users/users.entity.ts
FN:28,(anonymous_2)
FN:28,(anonymous_3)
FNF:2
FNH:0
FNDA:0,(anonymous_2)
FNDA:0,(anonymous_3)
DA:1,3
DA:2,3
DA:3,3
DA:6,3
DA:8,3
DA:11,3
DA:14,3
DA:17,3
DA:20,3
DA:23,3
DA:26,3
DA:28,0
DA:32,3
LF:13
LH:12
BRF:0
BRH:0
end_of_record
TN:
SF:src/users/users.repository.ts
FNF:0
FNH:0
DA:1,2
DA:2,2
DA:5,2
LF:3
LH:3
BRF:0
BRH:0
end_of_record
TN:
SF:src/users/users.service.ts
FN:11,(anonymous_2)
FN:19,(anonymous_3)
FN:27,(anonymous_4)
FN:35,(anonymous_5)
FN:50,(anonymous_6)
FNF:5
FNH:0
FNDA:0,(anonymous_2)
FNDA:0,(anonymous_3)
FNDA:0,(anonymous_4)
FNDA:0,(anonymous_5)
FNDA:0,(anonymous_6)
DA:1,2
DA:3,2
DA:7,2
DA:10,2
DA:12,0
DA:13,0
DA:20,0
DA:28,0
DA:39,0
DA:41,0
DA:43,0
DA:54,0
DA:57,0
DA:58,0
DA:60,0
DA:61,0
DA:62,0
DA:64,0
LF:18
LH:4
BRDA:57,0,0,0
BRDA:57,0,1,0
BRDA:60,1,0,0
BRDA:60,1,1,0
BRDA:61,2,0,0
BRDA:61,2,1,0
BRDA:62,3,0,0
BRDA:62,3,1,0
BRF:8
BRH:0
end_of_record
